2025-04-04 06:51:29.102063 - Received CBT.V508.FILE258.PDS from FILE258.XMI 
2025-04-04 06:51:29.103805 - Found $$$$COPY.txt (text/plain) in CBT.V508.FILE258.PDS, moved to PDS/$$$$COPY
2025-04-04 06:51:29.103966 - Found $$$$READ.txt (text/plain) in CBT.V508.FILE258.PDS, moved to PDS/$$$$READ
2025-04-04 06:51:29.104124 - Found $$$#DATE.txt (text/plain) in CBT.V508.FILE258.PDS, moved to PDS/$$$#DATE
2025-04-04 06:51:29.104280 - Found $$$INDEX.txt (text/plain) in CBT.V508.FILE258.PDS, moved to PDS/$$$INDEX
2025-04-04 06:51:29.104430 - Found $$$IXF02.txt (text/plain) in CBT.V508.FILE258.PDS, moved to PDS/$$$IXF02
2025-04-04 06:51:29.104555 - Found $$DOC.txt (text/plain) in CBT.V508.FILE258.PDS, moved to PDS/$$DOC
2025-04-04 06:51:29.104685 - Found @CCOMP.txt (text/plain) in CBT.V508.FILE258.PDS, moved to PDS/@CCOMP
2025-04-04 06:51:29.104813 - Found @DD3270.txt (text/plain) in CBT.V508.FILE258.PDS, moved to PDS/@DD3270
2025-04-04 06:51:29.104938 - Found @FILE258.txt (text/plain) in CBT.V508.FILE258.PDS, moved to PDS/@FILE258
2025-04-04 06:51:29.105054 - Found @FONTGEN.txt (text/plain) in CBT.V508.FILE258.PDS, moved to PDS/@FONTGEN
2025-04-04 06:51:29.105191 - Found @INFO32P.txt (text/plain) in CBT.V508.FILE258.PDS, moved to PDS/@INFO32P
2025-04-04 06:51:29.105304 - Found @INFO327.txt (text/plain) in CBT.V508.FILE258.PDS, moved to PDS/@INFO327
2025-04-04 06:51:29.105420 - Found @LISTCAT.txt (text/plain) in CBT.V508.FILE258.PDS, moved to PDS/@LISTCAT
2025-04-04 06:51:29.105538 - Found @LOGON.txt (text/plain) in CBT.V508.FILE258.PDS, moved to PDS/@LOGON
2025-04-04 06:51:29.105673 - Found @TERMST.txt (text/plain) in CBT.V508.FILE258.PDS, moved to PDS/@TERMST
2025-04-04 06:51:29.105790 - Found @TEST327.bin (application/octet-stream) in CBT.V508.FILE258.PDS, moved to PDS/@TEST327
2025-04-04 06:51:29.105903 - Found @TREXX.rexx (text/plain) in CBT.V508.FILE258.PDS, moved to PDS/@TREXX
2025-04-04 06:51:29.106033 - Found @TREXX2.rexx (text/plain) in CBT.V508.FILE258.PDS, moved to PDS/@TREXX2
2025-04-04 06:51:29.106181 - Found @T32.txt (text/plain) in CBT.V508.FILE258.PDS, moved to PDS/@T32
2025-04-04 06:51:29.106311 - Found @T32A.txt (text/plain) in CBT.V508.FILE258.PDS, moved to PDS/@T32A
2025-04-04 06:51:29.106446 - Found @WIDGET.txt (text/plain) in CBT.V508.FILE258.PDS, moved to PDS/@WIDGET
2025-04-04 06:51:29.106563 - Found @WIN327A.txt (text/plain) in CBT.V508.FILE258.PDS, moved to PDS/@WIN327A
2025-04-04 06:51:29.106687 - Found @WIN327D.txt (text/plain) in CBT.V508.FILE258.PDS, moved to PDS/@WIN327D
2025-04-04 06:51:29.106804 - Found @WIN327T.txt (text/plain) in CBT.V508.FILE258.PDS, moved to PDS/@WIN327T
2025-04-04 06:51:29.106932 - Found @XHELP.txt (text/plain) in CBT.V508.FILE258.PDS, moved to PDS/@XHELP
2025-04-04 06:51:29.107065 - Found COMBO32.c (text/x-c) in CBT.V508.FILE258.PDS, moved to PDS/COMBO32
2025-04-04 06:51:29.107204 - Found DD3270.c (text/x-c) in CBT.V508.FILE258.PDS, moved to PDS/DD3270
2025-04-04 06:51:29.107365 - Found FONT.c (text/x-c) in CBT.V508.FILE258.PDS, moved to PDS/FONT
2025-04-04 06:51:29.107500 - Found INFO3270.c (text/x-c) in CBT.V508.FILE258.PDS, moved to PDS/INFO3270
2025-04-04 06:51:29.107633 - Found LSTBOX32.c (text/x-c) in CBT.V508.FILE258.PDS, moved to PDS/LSTBOX32
2025-04-04 06:51:29.107765 - Found PS9X12U.c (text/x-c) in CBT.V508.FILE258.PDS, moved to PDS/PS9X12U
2025-04-04 06:51:29.107893 - Found PS9X15U.c (text/x-c) in CBT.V508.FILE258.PDS, moved to PDS/PS9X15U
2025-04-04 06:51:29.108008 - Found PS9X16U.c (text/x-c) in CBT.V508.FILE258.PDS, moved to PDS/PS9X16U
2025-04-04 06:51:29.108130 - Found SYM9X12U.txt (text/plain) in CBT.V508.FILE258.PDS, moved to PDS/SYM9X12U
2025-04-04 06:51:29.108251 - Found SYM9X15U.txt (text/plain) in CBT.V508.FILE258.PDS, moved to PDS/SYM9X15U
2025-04-04 06:51:29.108379 - Found SYM9X16U.txt (text/plain) in CBT.V508.FILE258.PDS, moved to PDS/SYM9X16U
2025-04-04 06:51:29.108504 - Found TG.jcl (text/plain) in CBT.V508.FILE258.PDS, moved to PDS/TG
2025-04-04 06:51:29.108627 - Found TGETN.txt (text/plain) in CBT.V508.FILE258.PDS, moved to PDS/TGETN
2025-04-04 06:51:29.108760 - Found TGT327D.txt (text/plain) in CBT.V508.FILE258.PDS, moved to PDS/TGT327D
2025-04-04 06:51:29.108883 - Found TPGN.txt (text/plain) in CBT.V508.FILE258.PDS, moved to PDS/TPGN
2025-04-04 06:51:29.108998 - Found TPUTN.txt (text/plain) in CBT.V508.FILE258.PDS, moved to PDS/TPUTN
2025-04-04 06:51:29.109128 - Found TXTPAD32.c (text/x-c) in CBT.V508.FILE258.PDS, moved to PDS/TXTPAD32
2025-04-04 06:51:29.109263 - Found WIDGET32.c (text/x-c) in CBT.V508.FILE258.PDS, moved to PDS/WIDGET32
2025-04-04 06:51:29.109392 - Found WINDOW32.c (text/x-c) in CBT.V508.FILE258.PDS, moved to PDS/WINDOW32
2025-04-04 06:51:29.109550 - Found WIN3270.c (text/x-c) in CBT.V508.FILE258.PDS, moved to PDS/WIN3270
